<?xml version="1.0" encoding="UTF-8"?>
<testng-results ignored="0" total="1" passed="1" failed="0" skipped="0">
  <reporter-output>
  </reporter-output>
  <suite started-at="2022-08-04T12:07:30 IST" name="Default suite" finished-at="2022-08-04T12:07:34 IST" duration-ms="3798">
    <groups>
    </groups>
    <test started-at="2022-08-04T12:07:30 IST" name="Default test" finished-at="2022-08-04T12:07:34 IST" duration-ms="3798">
      <class name="ServerProject.ServerProject.Serilization">
        <test-method signature="serilize()[pri:0, instance:ServerProject.ServerProject.Serilization@266374ef]" started-at="2022-08-04T12:07:30 IST" name="serilize" finished-at="2022-08-04T12:07:34 IST" duration-ms="3723" status="PASS">
          <reporter-output>
          </reporter-output>
        </test-method> <!-- serilize -->
      </class> <!-- ServerProject.ServerProject.Serilization -->
    </test> <!-- Default test -->
  </suite> <!-- Default suite -->
</testng-results>
